<?xml version="1.0" encoding="UTF-8"?>
<!-- Generated by org.testng.reporters.JUnitReportReporter -->
<testsuite hostname="Ashrafuls-MBP.frontierlocal.net" failures="0" tests="1" name="wrapper.CreateLead" time="21.767" errors="0" timestamp="2021-04-25T23:47:05 EDT" skipped="0">
  <testcase classname="wrapper.CreateLead" name="createLead" time="21.767"/>
</testsuite> <!-- wrapper.CreateLead -->
