<?xml version="1.0" encoding="UTF-8"?>
<!-- Generated by org.testng.reporters.JUnitReportReporter -->
<testsuite hostname="Ashrafuls-MBP.frontierlocal.net" failures="0" tests="1" name="seleniumDemo.SimpleAlart" time="25.317" errors="0" timestamp="2021-04-04T22:25:40 EDT" skipped="0">
  <testcase classname="seleniumDemo.SimpleAlart" name="SimpleAlt" time="25.317"/>
</testsuite> <!-- seleniumDemo.SimpleAlart -->
