<?xml version="1.0" encoding="UTF-8"?>
<!-- Generated by org.testng.reporters.JUnitReportReporter -->
<testsuite hostname="Ashrafuls-MBP.frontierlocal.net" failures="0" tests="3" name="seleniumDemo.TestngPriority" time="69.373" errors="0" timestamp="2021-04-04T22:10:16 EDT" skipped="0">
  <testcase classname="seleniumDemo.TestngPriority" name="createLead" time="27.992"/>
  <testcase classname="seleniumDemo.TestngPriority" name="editLead" time="19.352"/>
  <testcase classname="seleniumDemo.TestngPriority" name="deleteLead" time="22.029"/>
</testsuite> <!-- seleniumDemo.TestngPriority -->
